# JRE version: Java(TM) SE Runtime Environment (7.0_12-b06) (build 1.7.0_12-ea-b06)
# Java VM: Java HotSpot(TM) 64-Bit Server VM (24.0-b27 mixed mode bsd-amd64 compressed oops)
Heap
 PSYoungGen      total 132800K, used 13504K [0x000000016a050000, 0x000000017b520000, 0x00000001935a0000)
  eden space 120768K, 1% used [0x000000016a050000,0x000000016a1c7888,0x0000000171640000)
  from space 12032K, 99% used [0x000000017a960000,0x000000017b518ab8,0x000000017b520000)
  to   space 19712K, 0% used [0x0000000178ea0000,0x0000000178ea0000,0x000000017a1e0000)
 ParOldGen       total 84672K, used 17563K [0x00000001175a0000, 0x000000011c850000, 0x000000016a050000)
  object space 84672K, 20% used [0x00000001175a0000,0x00000001186c6c80,0x000000011c850000)
 PSPermGen       total 36992K, used 36810K [0x00000001123a0000, 0x00000001147c0000, 0x00000001175a0000)
  object space 36992K, 99% used [0x00000001123a0000,0x00000001147929d8,0x00000001147c0000)
GC Heap History (10 events):
Event: 11.620 GC heap before
{Heap before GC invocations=4 (full 0):
 PSYoungGen      total 37056K, used 36447K [0x000000016a050000, 0x000000016e8b0000, 0x00000001935a0000)
  eden space 31808K, 100% used [0x000000016a050000,0x000000016bf60000,0x000000016bf60000)
  from space 5248K, 88% used [0x000000016bf60000,0x000000016c3e7ef0,0x000000016c480000)
  to   space 5248K, 0% used [0x000000016e390000,0x000000016e390000,0x000000016e8b0000)
 ParOldGen       total 84672K, used 1007K [0x00000001175a0000, 0x000000011c850000, 0x000000016a050000)
  object space 84672K, 1% used [0x00000001175a0000,0x000000011769bd60,0x000000011c850000)
 PSPermGen       total 21248K, used 12411K [0x00000001123a0000, 0x0000000113860000, 0x00000001175a0000)
  object space 21248K, 58% used [0x00000001123a0000,0x0000000112fbecb0,0x0000000113860000)
Event: 11.631 GC heap after
Heap after GC invocations=4 (full 0):
 PSYoungGen      total 68864K, used 5232K [0x000000016a050000, 0x000000016e8b0000, 0x00000001935a0000)
  eden space 63616K, 0% used [0x000000016a050000,0x000000016a050000,0x000000016de70000)
  from space 5248K, 99% used [0x000000016e390000,0x000000016e8ac010,0x000000016e8b0000)
  to   space 5248K, 0% used [0x000000016de70000,0x000000016de70000,0x000000016e390000)
 ParOldGen       total 84672K, used 1744K [0x00000001175a0000, 0x000000011c850000, 0x000000016a050000)
  object space 84672K, 2% used [0x00000001175a0000,0x00000001177541e8,0x000000011c850000)
 PSPermGen       total 21248K, used 12411K [0x00000001123a0000, 0x0000000113860000, 0x00000001175a0000)
  object space 21248K, 58% used [0x00000001123a0000,0x0000000112fbecb0,0x0000000113860000)
}
Event: 12.898 GC heap before
{Heap before GC invocations=5 (full 0):
 PSYoungGen      total 68864K, used 68848K [0x000000016a050000, 0x000000016e8b0000, 0x00000001935a0000)
  eden space 63616K, 100% used [0x000000016a050000,0x000000016de70000,0x000000016de70000)
  from space 5248K, 99% used [0x000000016e390000,0x000000016e8ac010,0x000000016e8b0000)
  to   space 5248K, 0% used [0x000000016de70000,0x000000016de70000,0x000000016e390000)
 ParOldGen       total 84672K, used 1744K [0x00000001175a0000, 0x000000011c850000, 0x000000016a050000)
  object space 84672K, 2% used [0x00000001175a0000,0x00000001177541e8,0x000000011c850000)
 PSPermGen       total 21248K, used 18720K [0x00000001123a0000, 0x0000000113860000, 0x00000001175a0000)
  object space 21248K, 88% used [0x00000001123a0000,0x00000001135e8140,0x0000000113860000)
Event: 12.936 GC heap after
Heap after GC invocations=5 (full 0):
 PSYoungGen      total 68864K, used 5216K [0x000000016a050000, 0x00000001737f0000, 0x00000001935a0000)
  eden space 63616K, 0% used [0x000000016a050000,0x000000016a050000,0x000000016de70000)
  from space 5248K, 99% used [0x000000016de70000,0x000000016e388030,0x000000016e390000)
  to   space 14016K, 0% used [0x0000000172a40000,0x0000000172a40000,0x00000001737f0000)
 ParOldGen       total 84672K, used 12801K [0x00000001175a0000, 0x000000011c850000, 0x000000016a050000)
  object space 84672K, 15% used [0x00000001175a0000,0x00000001182206d8,0x000000011c850000)
 PSPermGen       total 21248K, used 18720K [0x00000001123a0000, 0x0000000113860000, 0x00000001175a0000)
  object space 21248K, 88% used [0x00000001123a0000,0x00000001135e8140,0x0000000113860000)
}
Event: 14.594 GC heap before
{Heap before GC invocations=6 (full 0):
 PSYoungGen      total 68864K, used 68832K [0x000000016a050000, 0x00000001737f0000, 0x00000001935a0000)
  eden space 63616K, 100% used [0x000000016a050000,0x000000016de70000,0x000000016de70000)
  from space 5248K, 99% used [0x000000016de70000,0x000000016e388030,0x000000016e390000)
  to   space 14016K, 0% used [0x0000000172a40000,0x0000000172a40000,0x00000001737f0000)
 ParOldGen       total 84672K, used 12801K [0x00000001175a0000, 0x000000011c850000, 0x000000016a050000)
  object space 84672K, 15% used [0x00000001175a0000,0x00000001182206d8,0x000000011c850000)
 PSPermGen       total 27392K, used 27264K [0x00000001123a0000, 0x0000000113e60000, 0x00000001175a0000)
  object space 27392K, 99% used [0x00000001123a0000,0x0000000113e40110,0x0000000113e60000)
Event: 14.618 GC heap after
Heap after GC invocations=6 (full 0):
 PSYoungGen      total 139776K, used 11877K [0x000000016a050000, 0x0000000173ad0000, 0x00000001935a0000)
  eden space 125760K, 0% used [0x000000016a050000,0x000000016a050000,0x0000000171b20000)
  from space 14016K, 84% used [0x0000000172a40000,0x00000001735d96c0,0x00000001737f0000)
  to   space 15488K, 0% used [0x0000000171b20000,0x0000000171b20000,0x0000000172a40000)
 ParOldGen       total 84672K, used 12873K [0x00000001175a0000, 0x000000011c850000, 0x000000016a050000)
  object space 84672K, 15% used [0x00000001175a0000,0x00000001182326e8,0x000000011c850000)
 PSPermGen       total 27392K, used 27264K [0x00000001123a0000, 0x0000000113e60000, 0x00000001175a0000)
  object space 27392K, 99% used [0x00000001123a0000,0x0000000113e40110,0x0000000113e60000)
}
Event: 373.584 GC heap before
{Heap before GC invocations=7 (full 0):
 PSYoungGen      total 139776K, used 137637K [0x000000016a050000, 0x0000000173ad0000, 0x00000001935a0000)
  eden space 125760K, 100% used [0x000000016a050000,0x0000000171b20000,0x0000000171b20000)
  from space 14016K, 84% used [0x0000000172a40000,0x00000001735d96c0,0x00000001737f0000)
  to   space 15488K, 0% used [0x0000000171b20000,0x0000000171b20000,0x0000000172a40000)
 ParOldGen       total 84672K, used 12873K [0x00000001175a0000, 0x000000011c850000, 0x000000016a050000)
  object space 84672K, 15% used [0x00000001175a0000,0x00000001182326e8,0x000000011c850000)
 PSPermGen       total 35456K, used 35323K [0x00000001123a0000, 0x0000000114640000, 0x00000001175a0000)
  object space 35456K, 99% used [0x00000001123a0000,0x000000011461ef70,0x0000000114640000)
Event: 373.622 GC heap after
Heap after GC invocations=7 (full 0):
 PSYoungGen      total 141248K, used 15464K [0x000000016a050000, 0x000000017bcd0000, 0x00000001935a0000)
  eden space 125760K, 0% used [0x000000016a050000,0x000000016a050000,0x0000000171b20000)
  from space 15488K, 99% used [0x0000000171b20000,0x0000000172a3a0e8,0x0000000172a40000)
  to   space 19904K, 0% used [0x000000017a960000,0x000000017a960000,0x000000017bcd0000)
 ParOldGen       total 84672K, used 16489K [0x00000001175a0000, 0x000000011c850000, 0x000000016a050000)
  object space 84672K, 19% used [0x00000001175a0000,0x00000001185ba470,0x000000011c850000)
 PSPermGen       total 35456K, used 35323K [0x00000001123a0000, 0x0000000114640000, 0x00000001175a0000)
  object space 35456K, 99% used [0x00000001123a0000,0x000000011461ef70,0x0000000114640000)
}
Event: 3177.463 GC heap before
{Heap before GC invocations=8 (full 0):
 PSYoungGen      total 141248K, used 141224K [0x000000016a050000, 0x000000017bcd0000, 0x00000001935a0000)
  eden space 125760K, 100% used [0x000000016a050000,0x0000000171b20000,0x0000000171b20000)
  from space 15488K, 99% used [0x0000000171b20000,0x0000000172a3a0e8,0x0000000172a40000)
  to   space 19904K, 0% used [0x000000017a960000,0x000000017a960000,0x000000017bcd0000)
 ParOldGen       total 84672K, used 16489K [0x00000001175a0000, 0x000000011c850000, 0x000000016a050000)
  object space 84672K, 19% used [0x00000001175a0000,0x00000001185ba470,0x000000011c850000)
 PSPermGen       total 36800K, used 36735K [0x00000001123a0000, 0x0000000114790000, 0x00000001175a0000)
  object space 36800K, 99% used [0x00000001123a0000,0x000000011477fc80,0x0000000114790000)
Event: 3177.483 GC heap after
Heap after GC invocations=8 (full 0):
 PSYoungGen      total 132800K, used 12002K [0x000000016a050000, 0x000000017b520000, 0x00000001935a0000)
  eden space 120768K, 0% used [0x000000016a050000,0x000000016a050000,0x0000000171640000)
  from space 12032K, 99% used [0x000000017a960000,0x000000017b518ab8,0x000000017b520000)
  to   space 19712K, 0% used [0x0000000178ea0000,0x0000000178ea0000,0x000000017a1e0000)
 ParOldGen       total 84672K, used 17563K [0x00000001175a0000, 0x000000011c850000, 0x000000016a050000)
  object space 84672K, 20% used [0x00000001175a0000,0x00000001186c6c80,0x000000011c850000)
 PSPermGen       total 36800K, used 36735K [0x00000001123a0000, 0x0000000114790000, 0x00000001175a0000)
  object space 36800K, 99% used [0x00000001123a0000,0x000000011477fc80,0x0000000114790000)
}

