# JRE version: Java(TM) SE Runtime Environment (8.0_20-b26) (build 1.8.0_20-b26)
# Java VM: Java HotSpot(TM) 64-Bit Server VM (25.20-b23 mixed mode bsd-amd64 compressed oops)
Heap:
 PSYoungGen      total 118272K, used 4856K [0x000000076ab00000, 0x0000000772f80000, 0x00000007c0000000)
  eden space 102400K, 0% used [0x000000076ab00000,0x000000076ab00000,0x0000000770f00000)
  from space 15872K, 30% used [0x0000000771f00000,0x00000007723be190,0x0000000772e80000)
  to   space 16384K, 0% used [0x0000000770f00000,0x0000000770f00000,0x0000000771f00000)
 ParOldGen       total 226816K, used 24915K [0x00000006c0000000, 0x00000006cdd80000, 0x000000076ab00000)
  object space 226816K, 10% used [0x00000006c0000000,0x00000006c1854d60,0x00000006cdd80000)
 Metaspace       used 83876K, capacity 84470K, committed 85032K, reserved 1122304K
  class space    used 11355K, capacity 11553K, committed 11560K, reserved 1048576K
GC Heap History (10 events):
Event: 654.851 GC heap after
Heap after GC invocations=13 (full 3):
 PSYoungGen      total 99840K, used 11622K [0x000000076ab00000, 0x0000000773000000, 0x00000007c0000000)
  eden space 85504K, 0% used [0x000000076ab00000,0x000000076ab00000,0x000000076fe80000)
  from space 14336K, 81% used [0x0000000770d00000,0x0000000771859ae0,0x0000000771b00000)
  to   space 14848K, 0% used [0x000000076fe80000,0x000000076fe80000,0x0000000770d00000)
 ParOldGen       total 226816K, used 24604K [0x00000006c0000000, 0x00000006cdd80000, 0x000000076ab00000)
  object space 226816K, 10% used [0x00000006c0000000,0x00000006c18071d0,0x00000006cdd80000)
 Metaspace       used 67932K, capacity 68544K, committed 69160K, reserved 1110016K
  class space    used 9026K, capacity 9240K, committed 9256K, reserved 1048576K
}
Event: 655.571 GC heap before
{Heap before GC invocations=14 (full 3):
 PSYoungGen      total 99840K, used 97126K [0x000000076ab00000, 0x0000000773000000, 0x00000007c0000000)
  eden space 85504K, 100% used [0x000000076ab00000,0x000000076fe80000,0x000000076fe80000)
  from space 14336K, 81% used [0x0000000770d00000,0x0000000771859ae0,0x0000000771b00000)
  to   space 14848K, 0% used [0x000000076fe80000,0x000000076fe80000,0x0000000770d00000)
 ParOldGen       total 226816K, used 24604K [0x00000006c0000000, 0x00000006cdd80000, 0x000000076ab00000)
  object space 226816K, 10% used [0x00000006c0000000,0x00000006c18071d0,0x00000006cdd80000)
 Metaspace       used 74338K, capacity 74948K, committed 75688K, reserved 1114112K
  class space    used 9918K, capacity 10110K, committed 10152K, reserved 1048576K
Event: 655.578 GC heap after
Heap after GC invocations=14 (full 3):
 PSYoungGen      total 100352K, used 10847K [0x000000076ab00000, 0x0000000773080000, 0x00000007c0000000)
  eden space 85504K, 0% used [0x000000076ab00000,0x000000076ab00000,0x000000076fe80000)
  from space 14848K, 73% used [0x000000076fe80000,0x0000000770917dd0,0x0000000770d00000)
  to   space 14336K, 0% used [0x0000000772280000,0x0000000772280000,0x0000000773080000)
 ParOldGen       total 226816K, used 24612K [0x00000006c0000000, 0x00000006cdd80000, 0x000000076ab00000)
  object space 226816K, 10% used [0x00000006c0000000,0x00000006c18091d0,0x00000006cdd80000)
 Metaspace       used 74338K, capacity 74948K, committed 75688K, reserved 1114112K
  class space    used 9918K, capacity 10110K, committed 10152K, reserved 1048576K
}
Event: 1410.026 GC heap before
{Heap before GC invocations=15 (full 3):
 PSYoungGen      total 100352K, used 96351K [0x000000076ab00000, 0x0000000773080000, 0x00000007c0000000)
  eden space 85504K, 100% used [0x000000076ab00000,0x000000076fe80000,0x000000076fe80000)
  from space 14848K, 73% used [0x000000076fe80000,0x0000000770917dd0,0x0000000770d00000)
  to   space 14336K, 0% used [0x0000000772280000,0x0000000772280000,0x0000000773080000)
 ParOldGen       total 226816K, used 24612K [0x00000006c0000000, 0x00000006cdd80000, 0x000000076ab00000)
  object space 226816K, 10% used [0x00000006c0000000,0x00000006c18091d0,0x00000006cdd80000)
 Metaspace       used 83768K, capacity 84342K, committed 85032K, reserved 1122304K
  class space    used 11353K, capacity 11553K, committed 11560K, reserved 1048576K
Event: 1410.037 GC heap after
Heap after GC invocations=15 (full 3):
 PSYoungGen      total 118784K, used 14324K [0x000000076ab00000, 0x0000000773080000, 0x00000007c0000000)
  eden space 104448K, 0% used [0x000000076ab00000,0x000000076ab00000,0x0000000771100000)
  from space 14336K, 99% used [0x0000000772280000,0x000000077307d020,0x0000000773080000)
  to   space 15872K, 0% used [0x0000000771180000,0x0000000771180000,0x0000000772100000)
 ParOldGen       total 226816K, used 24899K [0x00000006c0000000, 0x00000006cdd80000, 0x000000076ab00000)
  object space 226816K, 10% used [0x00000006c0000000,0x00000006c1850d60,0x00000006cdd80000)
 Metaspace       used 83768K, capacity 84342K, committed 85032K, reserved 1122304K
  class space    used 11353K, capacity 11553K, committed 11560K, reserved 1048576K
}
Event: 4993.477 GC heap before
{Heap before GC invocations=16 (full 3):
 PSYoungGen      total 118784K, used 118772K [0x000000076ab00000, 0x0000000773080000, 0x00000007c0000000)
  eden space 104448K, 100% used [0x000000076ab00000,0x0000000771100000,0x0000000771100000)
  from space 14336K, 99% used [0x0000000772280000,0x000000077307d020,0x0000000773080000)
  to   space 15872K, 0% used [0x0000000771180000,0x0000000771180000,0x0000000772100000)
 ParOldGen       total 226816K, used 24899K [0x00000006c0000000, 0x00000006cdd80000, 0x000000076ab00000)
  object space 226816K, 10% used [0x00000006c0000000,0x00000006c1850d60,0x00000006cdd80000)
 Metaspace       used 83864K, capacity 84470K, committed 85032K, reserved 1122304K
  class space    used 11353K, capacity 11553K, committed 11560K, reserved 1048576K
Event: 4993.483 GC heap after
Heap after GC invocations=16 (full 3):
 PSYoungGen      total 109568K, used 6532K [0x000000076ab00000, 0x0000000772e80000, 0x00000007c0000000)
  eden space 102912K, 0% used [0x000000076ab00000,0x000000076ab00000,0x0000000770f80000)
  from space 6656K, 98% used [0x0000000771180000,0x00000007717e1180,0x0000000771800000)
  to   space 15872K, 0% used [0x0000000771f00000,0x0000000771f00000,0x0000000772e80000)
 ParOldGen       total 226816K, used 24907K [0x00000006c0000000, 0x00000006cdd80000, 0x000000076ab00000)
  object space 226816K, 10% used [0x00000006c0000000,0x00000006c1852d60,0x00000006cdd80000)
 Metaspace       used 83864K, capacity 84470K, committed 85032K, reserved 1122304K
  class space    used 11353K, capacity 11553K, committed 11560K, reserved 1048576K
}
Event: 6425.997 GC heap before
{Heap before GC invocations=17 (full 3):
 PSYoungGen      total 109568K, used 55179K [0x000000076ab00000, 0x0000000772e80000, 0x00000007c0000000)
  eden space 102912K, 47% used [0x000000076ab00000,0x000000076da81bf0,0x0000000770f80000)
  from space 6656K, 98% used [0x0000000771180000,0x00000007717e1180,0x0000000771800000)
  to   space 15872K, 0% used [0x0000000771f00000,0x0000000771f00000,0x0000000772e80000)
 ParOldGen       total 226816K, used 24907K [0x00000006c0000000, 0x00000006cdd80000, 0x000000076ab00000)
  object space 226816K, 10% used [0x00000006c0000000,0x00000006c1852d60,0x00000006cdd80000)
 Metaspace       used 83876K, capacity 84470K, committed 85032K, reserved 1122304K
  class space    used 11355K, capacity 11553K, committed 11560K, reserved 1048576K
Event: 6426.003 GC heap after
Heap after GC invocations=17 (full 3):
 PSYoungGen      total 118272K, used 4856K [0x000000076ab00000, 0x0000000772f80000, 0x00000007c0000000)
  eden space 102400K, 0% used [0x000000076ab00000,0x000000076ab00000,0x0000000770f00000)
  from space 15872K, 30% used [0x0000000771f00000,0x00000007723be190,0x0000000772e80000)
  to   space 16384K, 0% used [0x0000000770f00000,0x0000000770f00000,0x0000000771f00000)
 ParOldGen       total 226816K, used 24915K [0x00000006c0000000, 0x00000006cdd80000, 0x000000076ab00000)
  object space 226816K, 10% used [0x00000006c0000000,0x00000006c1854d60,0x00000006cdd80000)
 Metaspace       used 83876K, capacity 84470K, committed 85032K, reserved 1122304K
  class space    used 11355K, capacity 11553K, committed 11560K, reserved 1048576K
}
Event: 6426.003 GC heap before
{Heap before GC invocations=18 (full 4):
 PSYoungGen      total 118272K, used 4856K [0x000000076ab00000, 0x0000000772f80000, 0x00000007c0000000)
  eden space 102400K, 0% used [0x000000076ab00000,0x000000076ab00000,0x0000000770f00000)
  from space 15872K, 30% used [0x0000000771f00000,0x00000007723be190,0x0000000772e80000)
  to   space 16384K, 0% used [0x0000000770f00000,0x0000000770f00000,0x0000000771f00000)
 ParOldGen       total 226816K, used 24915K [0x00000006c0000000, 0x00000006cdd80000, 0x000000076ab00000)
  object space 226816K, 10% used [0x00000006c0000000,0x00000006c1854d60,0x00000006cdd80000)
 Metaspace       used 83876K, capacity 84470K, committed 85032K, reserved 1122304K
  class space    used 11355K, capacity 11553K, committed 11560K, reserved 1048576K

